laijie/app/build/outputs/logs/manifest-merger-debug-report.txt
-- Merging decision tree log ---
manifest
ADDED from src/main/AndroidManifest.xml:2:1-51:12
	package
		ADDED from src/main/AndroidManifest.xml:3:5-33
		INJECTED from src/main/AndroidManifest.xml
		INJECTED from src/main/AndroidManifest.xml
	android:versionName
		INJECTED from src/main/AndroidManifest.xml
		INJECTED from src/main/AndroidManifest.xml
	xmlns:android
		ADDED from src/main/AndroidManifest.xml:2:11-69
	android:versionCode
		INJECTED from src/main/AndroidManifest.xml
		INJECTED from src/main/AndroidManifest.xml
uses-permission#android.permission.ACCESS_COARSE_LOCATION
ADDED from src/main/AndroidManifest.xml:5:5-81
	android:name
		ADDED from src/main/AndroidManifest.xml:5:22-78
uses-permission#android.permission.MOUNT_UNMOUNT_FILESYSTEMS
ADDED from src/main/AndroidManifest.xml:6:5-84
	android:name
		ADDED from src/main/AndroidManifest.xml:6:22-81
uses-permission#android.permission.ACCESS_NETWORK_STATE
ADDED from src/main/AndroidManifest.xml:7:5-79
	android:name
		ADDED from src/main/AndroidManifest.xml:7:22-76
uses-permission#android.permission.INTERNET
ADDED from src/main/AndroidManifest.xml:8:5-67
	android:name
		ADDED from src/main/AndroidManifest.xml:8:22-64
uses-permission#android.permission.WAKE_LOCK
ADDED from src/main/AndroidManifest.xml:9:5-68
	android:name
		ADDED from src/main/AndroidManifest.xml:9:22-65
uses-permission#android.permission.ACCESS_WIFI_STATE
ADDED from src/main/AndroidManifest.xml:10:5-76
	android:name
		ADDED from src/main/AndroidManifest.xml:10:22-73
uses-permission#android.permission.READ_PHONE_STATE
ADDED from src/main/AndroidManifest.xml:11:5-75
	android:name
		ADDED from src/main/AndroidManifest.xml:11:22-72
uses-permission#android.permission.WRITE_EXTERNAL_STORAGE
ADDED from src/main/AndroidManifest.xml:12:5-81
	android:name
		ADDED from src/main/AndroidManifest.xml:12:22-78
application
ADDED from src/main/AndroidManifest.xml:14:5-49:19
MERGED from [com.android.volley:volley:1.0.0] AndroidManifest.xml:9:5-20
MERGED from [me.majiajie:pager-bottom-tab-strip:1.0.0] AndroidManifest.xml:11:5-15:19
MERGED from [com.android.support:appcompat-v7:25.0.1] AndroidManifest.xml:25:5-20
MERGED from [com.android.support:support-v4:25.0.1] AndroidManifest.xml:25:5-20
MERGED from [com.android.support:support-compat:25.0.1] AndroidManifest.xml:25:5-20
MERGED from [com.android.support:support-media-compat:25.0.1] AndroidManifest.xml:25:5-20
MERGED from [com.android.support:support-core-utils:25.0.1] AndroidManifest.xml:25:5-20
MERGED from [com.android.support:support-core-ui:25.0.1] AndroidManifest.xml:25:5-20
MERGED from [com.android.support:support-fragment:25.0.1] AndroidManifest.xml:25:5-20
MERGED from [com.android.support:support-vector-drawable:25.0.1] AndroidManifest.xml:23:5-20
MERGED from [com.android.support:animated-vector-drawable:25.0.1] AndroidManifest.xml:22:5-20
MERGED from [com.android.support:design:25.0.1] AndroidManifest.xml:25:5-20
MERGED from [com.android.support:transition:25.0.1] AndroidManifest.xml:22:5-20
	android:label
		ADDED from src/main/AndroidManifest.xml:18:9-41
	android:supportsRtl
		ADDED from [me.majiajie:pager-bottom-tab-strip:1.0.0] AndroidManifest.xml:14:9-35
	android:allowBackup
		ADDED from src/main/AndroidManifest.xml:16:9-35
	android:icon
		ADDED from src/main/AndroidManifest.xml:17:9-38
	android:theme
		ADDED from src/main/AndroidManifest.xml:19:9-41
	android:name
		ADDED from src/main/AndroidManifest.xml:15:9-37
activity#com.example.laijie.SplashActivity
ADDED from src/main/AndroidManifest.xml:20:9-29:20
	android:label
		ADDED from src/main/AndroidManifest.xml:22:13-45
	android:theme
		ADDED from src/main/AndroidManifest.xml:23:13-46
	android:name
		ADDED from src/main/AndroidManifest.xml:21:13-43
intent-filter#android.intent.action.MAIN+android.intent.category.LAUNCHER
ADDED from src/main/AndroidManifest.xml:24:13-28:29
action#android.intent.action.MAIN
ADDED from src/main/AndroidManifest.xml:25:17-69
	android:name
		ADDED from src/main/AndroidManifest.xml:25:25-66
category#android.intent.category.LAUNCHER
ADDED from src/main/AndroidManifest.xml:27:17-77
	android:name
		ADDED from src/main/AndroidManifest.xml:27:27-74
activity#com.example.laijie.AddEvent
ADDED from src/main/AndroidManifest.xml:30:9-46
	android:name
		ADDED from src/main/AndroidManifest.xml:30:19-43
activity#com.example.laijie.QueryBill
ADDED from src/main/AndroidManifest.xml:31:9-47
	android:name
		ADDED from src/main/AndroidManifest.xml:31:19-44
activity#com.example.laijie.QueryByMouthActivity
ADDED from src/main/AndroidManifest.xml:32:9-58
	android:name
		ADDED from src/main/AndroidManifest.xml:32:19-55
activity#com.example.laijie.QueryByTodayActivity
ADDED from src/main/AndroidManifest.xml:33:9-58
	android:name
		ADDED from src/main/AndroidManifest.xml:33:19-55
activity#com.example.laijie.shezhi
ADDED from src/main/AndroidManifest.xml:34:9-44
	android:name
		ADDED from src/main/AndroidManifest.xml:34:19-41
activity#com.example.laijie.shouru
ADDED from src/main/AndroidManifest.xml:35:9-44
	android:name
		ADDED from src/main/AndroidManifest.xml:35:19-41
meta-data#UMENG_APPKEY
ADDED from src/main/AndroidManifest.xml:37:9-39:56
	android:value
		ADDED from src/main/AndroidManifest.xml:39:13-53
	android:name
		ADDED from src/main/AndroidManifest.xml:38:13-40
meta-data#UMENG_CHANNEL
ADDED from src/main/AndroidManifest.xml:40:9-42:37
	android:value
		ADDED from src/main/AndroidManifest.xml:42:13-34
	android:name
		ADDED from src/main/AndroidManifest.xml:41:13-41
activity#com.example.laijie.Main2Activity
ADDED from src/main/AndroidManifest.xml:44:9-51
	android:name
		ADDED from src/main/AndroidManifest.xml:44:19-48
activity#com.example.laijie.MainActivity
ADDED from src/main/AndroidManifest.xml:45:9-47:47
	android:theme
		ADDED from src/main/AndroidManifest.xml:47:13-44
	android:name
		ADDED from src/main/AndroidManifest.xml:46:13-41
activity#com.example.laijie.GuideActivity
ADDED from src/main/AndroidManifest.xml:48:9-60
	android:name
		ADDED from src/main/AndroidManifest.xml:48:19-48
uses-sdk
INJECTED from src/main/AndroidManifest.xml reason: use-sdk injection requested
MERGED from [com.android.volley:volley:1.0.0] AndroidManifest.xml:7:5-43
MERGED from [me.majiajie:pager-bottom-tab-strip:1.0.0] AndroidManifest.xml:7:5-9:41
MERGED from [com.android.support:appcompat-v7:25.0.1] AndroidManifest.xml:21:5-23:78
MERGED from [com.android.support:support-v4:25.0.1] AndroidManifest.xml:21:5-23:54
MERGED from [com.android.support:support-compat:25.0.1] AndroidManifest.xml:21:5-23:58
MERGED from [com.android.support:support-media-compat:25.0.1] AndroidManifest.xml:21:5-23:63
MERGED from [com.android.support:support-core-utils:25.0.1] AndroidManifest.xml:21:5-23:61
MERGED from [com.android.support:support-core-ui:25.0.1] AndroidManifest.xml:21:5-23:58
MERGED from [com.android.support:support-fragment:25.0.1] AndroidManifest.xml:21:5-23:60
MERGED from [com.android.support:support-vector-drawable:25.0.1] AndroidManifest.xml:21:5-43
MERGED from [com.android.support:animated-vector-drawable:25.0.1] AndroidManifest.xml:20:5-44
MERGED from [cn.bingoogolapple:bga-banner:2.1.6] AndroidManifest.xml:6:5-8:41
MERGED from [com.android.support:design:25.0.1] AndroidManifest.xml:21:5-23:62
MERGED from [com.android.support:recyclerview-v7:25.0.1] AndroidManifest.xml:20:5-43
MERGED from [com.android.support:transition:25.0.1] AndroidManifest.xml:20:5-44
	tools:overrideLibrary
		ADDED from [com.android.support:appcompat-v7:25.0.1] AndroidManifest.xml:23:9-75
	android:targetSdkVersion
		INJECTED from src/main/AndroidManifest.xml
		INJECTED from src/main/AndroidManifest.xml
	android:minSdkVersion
		INJECTED from src/main/AndroidManifest.xml
		INJECTED from src/main/AndroidManifest.xml